<?xml version="1.0" encoding="UTF-8"?>
<!-- Generated by org.testng.reporters.JUnitReportReporter -->
<testsuite skipped="0" hostname="BRIDT-1085" name="pgk1.ListPriceSorterOdr" tests="1" failures="0" timestamp="08 Mar 2019 11:51:57 GMT" time="0.000" errors="0">
  <testcase name="firstTest" time="0.000" classname="pgk1.ListPriceSorterOdr"/>
</testsuite> <!-- pgk1.ListPriceSorterOdr -->
