<?xml version="1.0" encoding="UTF-8"?>
<!-- Generated by org.testng.reporters.JUnitReportReporter -->
<testsuite skipped="0" hostname="BRIDT-1085" name="pgk1.TestOne2" tests="1" failures="0" timestamp="08 Mar 2019 11:41:42 GMT" time="15.387" errors="0">
  <testcase name="firstTest" time="15.387" classname="pgk1.TestOne2"/>
</testsuite> <!-- pgk1.TestOne2 -->
